<?xml version="1.0" encoding="UTF-8"?>
<!-- Generated by org.testng.reporters.JUnitXMLReporter -->
<testsuite ignored="0" hostname="DESKTOP-GJB5IH4" failures="1" tests="20" name="Get Started" time="368.723" errors="0" timestamp="2021-02-24T15:34:30 EET">
  <testcase classname="pages.android.TellerVerification" name="RegisterNewUser" time="10.018"/>
  <testcase classname="pages.android.TellerVerification" name="LogoutUser" time="14.001"/>
  <testcase classname="pages.android.TellerVerification" name="VerifyCustomer" time="59.762"/>
  <testcase classname="pages.android.TellerTopUpCashOut" name="TellerTopup" time="25.15"/>
  <testcase classname="pages.android.TellerTopUpCashOut" name="Tellercashout" time="24.15"/>
  <testcase classname="pages.android.AddMoney" name="EnterCardDetails" time="29.123"/>
  <testcase classname="pages.android.AddMoney" name="EnterAmount" time="3.049"/>
  <testcase classname="pages.android.AddMoney" name="AddingMoney" time="17.04"/>
  <testcase classname="pages.android.AddMoney" name="EnterCardDetails2" time="25.87"/>
  <testcase classname="pages.android.AddMoney" name="EnterAmount2" time="1.48"/>
  <testcase classname="pages.android.AddMoney" name="AddingMoney2" time="14.298"/>
  <testcase classname="pages.android.SendMoney" name="EnterPhoneNumberManually" time="8.053"/>
  <testcase classname="pages.android.SendMoney" name="EnterAmount" time="26.811"/>
  <testcase classname="pages.android.SendMoney" name="PickPhoneNumber" time="7.67"/>
  <testcase classname="pages.android.SendMoney" name="EnterAmount2" time="32.54"/>
  <testcase classname="pages.android.MerchantPayment" name="ScanQR" time="4.14"/>
  <testcase classname="pages.android.MerchantPayment" name="MerchantPayment" time="22.155"/>
  <testcase classname="pages.android.MerchantPayment" name="ChangePINcode" time="12.904"/>
  <testcase classname="pages.android.MerchantPayment" name="ChangeMobileNumber" time="11.844"/>
  <testcase classname="pages.android.MerchantPayment" name="Deactivation" time="2.629">
    <failure type="org.openqa.selenium.WebDriverException" message="An unknown server-side error occurred while processing the command. Original error: Could not proxy command to the remote server. Original error: socket hang up
Build info: version: &amp;apos;3.141.59&amp;apos;, revision: &amp;apos;e82be7d358&amp;apos;, time: &amp;apos;2018-11-14T08:17:03&amp;apos;
System info: host: &amp;apos;DESKTOP-GJB5IH4&amp;apos;, ip: &amp;apos;192.168.1.77&amp;apos;, os.name: &amp;apos;Windows 10&amp;apos;, os.arch: &amp;apos;amd64&amp;apos;, os.version: &amp;apos;10.0&amp;apos;, java.version: &amp;apos;11.0.10&amp;apos;
Driver info: io.appium.java_client.android.AndroidDriver
Capabilities {app: C:\Users\Work\Desktop\DLDP1..., appPackage: mobi.foo.ldpwallet, appWaitActivity: *, autoGrantPermissions: true, databaseEnabled: false, desired: {app: C:\Users\Work\Desktop\DLDP1..., appPackage: mobi.foo.ldpwallet, appWaitActivity: *, autoGrantPermissions: true, deviceName: emulator-5554, newCommandTimeout: 6200, platformName: android, resetKeyboard: true, unicodeKeyboard: true}, deviceApiLevel: 30, deviceManufacturer: Google, deviceModel: sdk_gphone_x86_arm, deviceName: emulator-5554, deviceScreenDensity: 560, deviceScreenSize: 1440x2560, deviceUDID: emulator-5554, javascriptEnabled: true, locationContextEnabled: false, networkConnectionEnabled: true, newCommandTimeout: 6200, pixelRatio: 3.5, platform: LINUX, platformName: android, platformVersion: 11, resetKeyboard: true, statBarHeight: 84, takesScreenshot: true, unicodeKeyboard: true, viewportRect: {height: 2308, left: 0, top: 84, width: 1440}, warnings: {}, webStorageEnabled: false}
Session ID: dbada9d1-090d-47e4-abf8-1824d276f38c">
      <![CDATA[org.openqa.selenium.WebDriverException: An unknown server-side error occurred while processing the command. Original error: Could not proxy command to the remote server. Original error: socket hang up
Build info: version: '3.141.59', revision: 'e82be7d358', time: '2018-11-14T08:17:03'
System info: host: 'DESKTOP-GJB5IH4', ip: '192.168.1.77', os.name: 'Windows 10', os.arch: 'amd64', os.version: '10.0', java.version: '11.0.10'
Driver info: io.appium.java_client.android.AndroidDriver
Capabilities {app: C:\Users\Work\Desktop\DLDP1..., appPackage: mobi.foo.ldpwallet, appWaitActivity: *, autoGrantPermissions: true, databaseEnabled: false, desired: {app: C:\Users\Work\Desktop\DLDP1..., appPackage: mobi.foo.ldpwallet, appWaitActivity: *, autoGrantPermissions: true, deviceName: emulator-5554, newCommandTimeout: 6200, platformName: android, resetKeyboard: true, unicodeKeyboard: true}, deviceApiLevel: 30, deviceManufacturer: Google, deviceModel: sdk_gphone_x86_arm, deviceName: emulator-5554, deviceScreenDensity: 560, deviceScreenSize: 1440x2560, deviceUDID: emulator-5554, javascriptEnabled: true, locationContextEnabled: false, networkConnectionEnabled: true, newCommandTimeout: 6200, pixelRatio: 3.5, platform: LINUX, platformName: android, platformVersion: 11, resetKeyboard: true, statBarHeight: 84, takesScreenshot: true, unicodeKeyboard: true, viewportRect: {height: 2308, left: 0, top: 84, width: 1440}, warnings: {}, webStorageEnabled: false}
Session ID: dbada9d1-090d-47e4-abf8-1824d276f38c
at org.openqa.selenium.remote.http.W3CHttpResponseCodec.createException(W3CHttpResponseCodec.java:187)
at org.openqa.selenium.remote.http.W3CHttpResponseCodec.decode(W3CHttpResponseCodec.java:122)
at org.openqa.selenium.remote.http.W3CHttpResponseCodec.decode(W3CHttpResponseCodec.java:49)
at org.openqa.selenium.remote.HttpCommandExecutor.execute(HttpCommandExecutor.java:158)
at io.appium.java_client.remote.AppiumCommandExecutor.execute(AppiumCommandExecutor.java:239)
at org.openqa.selenium.remote.RemoteWebDriver.execute(RemoteWebDriver.java:552)
at io.appium.java_client.DefaultGenericMobileDriver.execute(DefaultGenericMobileDriver.java:41)
at io.appium.java_client.AppiumDriver.execute(AppiumDriver.java:1)
at io.appium.java_client.android.AndroidDriver.execute(AndroidDriver.java:1)
at org.openqa.selenium.remote.RemoteWebElement.execute(RemoteWebElement.java:285)
at io.appium.java_client.DefaultGenericMobileElement.execute(DefaultGenericMobileElement.java:45)
at io.appium.java_client.MobileElement.execute(MobileElement.java:1)
at io.appium.java_client.android.AndroidElement.execute(AndroidElement.java:1)
at org.openqa.selenium.remote.RemoteWebElement.click(RemoteWebElement.java:84)
at pages.android.BasePage.clickElement(BasePage.java:90)
at pages.android.Deactivate.DeactivateUser(Deactivate.java:19)
at pages.android.BaseTest.DeactivateAccount(BaseTest.java:34)
at pages.android.MerchantPayment.Deactivation(MerchantPayment.java:68)
at java.base/java.util.ArrayList.forEach(ArrayList.java:1541)
... Removed 34 stack frames]]>
    </failure>
  </testcase> <!-- Deactivation -->
</testsuite> <!-- Get Started -->
