<?xml version="1.0" encoding="UTF-8"?>
<testng-results ignored="0" total="20" passed="19" failed="1" skipped="0">
  <reporter-output>
  </reporter-output>
  <suite started-at="2021-02-24T15:28:22 EET" name="Suite-Listeners" finished-at="2021-02-24T15:34:30 EET" duration-ms="368723">
    <groups>
    </groups>
    <test started-at="2021-02-24T15:28:22 EET" name="Get Started" finished-at="2021-02-24T15:34:30 EET" duration-ms="368723">
      <class name="pages.android.TellerTopUpCashOut">
        <test-method signature="TellerTopup()[pri:1, instance:pages.android.TellerTopUpCashOut@f2ff811]" started-at="2021-02-24T15:30:01 EET" name="TellerTopup" finished-at="2021-02-24T15:30:27 EET" duration-ms="25150" status="PASS">
          <reporter-output>
          </reporter-output>
        </test-method> <!-- TellerTopup -->
        <test-method signature="Tellercashout()[pri:2, instance:pages.android.TellerTopUpCashOut@f2ff811]" started-at="2021-02-24T15:30:27 EET" name="Tellercashout" finished-at="2021-02-24T15:30:51 EET" duration-ms="24150" status="PASS">
          <reporter-output>
          </reporter-output>
        </test-method> <!-- Tellercashout -->
      </class> <!-- pages.android.TellerTopUpCashOut -->
      <class name="pages.android.TellerVerification">
        <test-method signature="RegisterNewUser()[pri:1, instance:pages.android.TellerVerification@65b3f4a4]" started-at="2021-02-24T15:28:38 EET" name="RegisterNewUser" finished-at="2021-02-24T15:28:48 EET" duration-ms="10018" status="PASS">
          <reporter-output>
          </reporter-output>
        </test-method> <!-- RegisterNewUser -->
        <test-method signature="LogoutUser()[pri:2, instance:pages.android.TellerVerification@65b3f4a4]" started-at="2021-02-24T15:28:48 EET" name="LogoutUser" finished-at="2021-02-24T15:29:02 EET" duration-ms="14001" status="PASS">
          <reporter-output>
          </reporter-output>
        </test-method> <!-- LogoutUser -->
        <test-method signature="VerifyCustomer()[pri:3, instance:pages.android.TellerVerification@65b3f4a4]" started-at="2021-02-24T15:29:02 EET" name="VerifyCustomer" finished-at="2021-02-24T15:30:01 EET" duration-ms="59762" status="PASS">
          <reporter-output>
          </reporter-output>
        </test-method> <!-- VerifyCustomer -->
      </class> <!-- pages.android.TellerVerification -->
      <class name="pages.android.MerchantPayment">
        <test-method signature="ScanQR()[pri:1, instance:pages.android.MerchantPayment@2a266d09]" started-at="2021-02-24T15:33:37 EET" name="ScanQR" finished-at="2021-02-24T15:33:41 EET" duration-ms="4140" status="PASS">
          <reporter-output>
          </reporter-output>
        </test-method> <!-- ScanQR -->
        <test-method signature="MerchantPayment()[pri:2, instance:pages.android.MerchantPayment@2a266d09]" started-at="2021-02-24T15:33:41 EET" name="MerchantPayment" finished-at="2021-02-24T15:34:03 EET" duration-ms="22155" status="PASS">
          <reporter-output>
          </reporter-output>
        </test-method> <!-- MerchantPayment -->
        <test-method signature="ChangePINcode()[pri:3, instance:pages.android.MerchantPayment@2a266d09]" started-at="2021-02-24T15:34:03 EET" name="ChangePINcode" finished-at="2021-02-24T15:34:16 EET" duration-ms="12904" status="PASS">
          <reporter-output>
          </reporter-output>
        </test-method> <!-- ChangePINcode -->
        <test-method signature="ChangeMobileNumber()[pri:4, instance:pages.android.MerchantPayment@2a266d09]" started-at="2021-02-24T15:34:16 EET" name="ChangeMobileNumber" finished-at="2021-02-24T15:34:28 EET" duration-ms="11844" status="PASS">
          <reporter-output>
          </reporter-output>
        </test-method> <!-- ChangeMobileNumber -->
        <test-method signature="Deactivation()[pri:5, instance:pages.android.MerchantPayment@2a266d09]" started-at="2021-02-24T15:34:28 EET" name="Deactivation" finished-at="2021-02-24T15:34:30 EET" duration-ms="2629" status="FAIL">
          <exception class="org.openqa.selenium.WebDriverException">
            <message>
              <![CDATA[An unknown server-side error occurred while processing the command. Original error: Could not proxy command to the remote server. Original error: socket hang up
Build info: version: '3.141.59', revision: 'e82be7d358', time: '2018-11-14T08:17:03'
System info: host: 'DESKTOP-GJB5IH4', ip: '192.168.1.77', os.name: 'Windows 10', os.arch: 'amd64', os.version: '10.0', java.version: '11.0.10'
Driver info: io.appium.java_client.android.AndroidDriver
Capabilities {app: C:\Users\Work\Desktop\DLDP1..., appPackage: mobi.foo.ldpwallet, appWaitActivity: *, autoGrantPermissions: true, databaseEnabled: false, desired: {app: C:\Users\Work\Desktop\DLDP1..., appPackage: mobi.foo.ldpwallet, appWaitActivity: *, autoGrantPermissions: true, deviceName: emulator-5554, newCommandTimeout: 6200, platformName: android, resetKeyboard: true, unicodeKeyboard: true}, deviceApiLevel: 30, deviceManufacturer: Google, deviceModel: sdk_gphone_x86_arm, deviceName: emulator-5554, deviceScreenDensity: 560, deviceScreenSize: 1440x2560, deviceUDID: emulator-5554, javascriptEnabled: true, locationContextEnabled: false, networkConnectionEnabled: true, newCommandTimeout: 6200, pixelRatio: 3.5, platform: LINUX, platformName: android, platformVersion: 11, resetKeyboard: true, statBarHeight: 84, takesScreenshot: true, unicodeKeyboard: true, viewportRect: {height: 2308, left: 0, top: 84, width: 1440}, warnings: {}, webStorageEnabled: false}
Session ID: dbada9d1-090d-47e4-abf8-1824d276f38c]]>
            </message>
            <full-stacktrace>
              <![CDATA[org.openqa.selenium.WebDriverException: An unknown server-side error occurred while processing the command. Original error: Could not proxy command to the remote server. Original error: socket hang up
Build info: version: '3.141.59', revision: 'e82be7d358', time: '2018-11-14T08:17:03'
System info: host: 'DESKTOP-GJB5IH4', ip: '192.168.1.77', os.name: 'Windows 10', os.arch: 'amd64', os.version: '10.0', java.version: '11.0.10'
Driver info: io.appium.java_client.android.AndroidDriver
Capabilities {app: C:\Users\Work\Desktop\DLDP1..., appPackage: mobi.foo.ldpwallet, appWaitActivity: *, autoGrantPermissions: true, databaseEnabled: false, desired: {app: C:\Users\Work\Desktop\DLDP1..., appPackage: mobi.foo.ldpwallet, appWaitActivity: *, autoGrantPermissions: true, deviceName: emulator-5554, newCommandTimeout: 6200, platformName: android, resetKeyboard: true, unicodeKeyboard: true}, deviceApiLevel: 30, deviceManufacturer: Google, deviceModel: sdk_gphone_x86_arm, deviceName: emulator-5554, deviceScreenDensity: 560, deviceScreenSize: 1440x2560, deviceUDID: emulator-5554, javascriptEnabled: true, locationContextEnabled: false, networkConnectionEnabled: true, newCommandTimeout: 6200, pixelRatio: 3.5, platform: LINUX, platformName: android, platformVersion: 11, resetKeyboard: true, statBarHeight: 84, takesScreenshot: true, unicodeKeyboard: true, viewportRect: {height: 2308, left: 0, top: 84, width: 1440}, warnings: {}, webStorageEnabled: false}
Session ID: dbada9d1-090d-47e4-abf8-1824d276f38c
at java.base/jdk.internal.reflect.NativeConstructorAccessorImpl.newInstance0(Native Method)
at java.base/jdk.internal.reflect.NativeConstructorAccessorImpl.newInstance(NativeConstructorAccessorImpl.java:62)
at java.base/jdk.internal.reflect.DelegatingConstructorAccessorImpl.newInstance(DelegatingConstructorAccessorImpl.java:45)
at java.base/java.lang.reflect.Constructor.newInstance(Constructor.java:490)
at org.openqa.selenium.remote.http.W3CHttpResponseCodec.createException(W3CHttpResponseCodec.java:187)
at org.openqa.selenium.remote.http.W3CHttpResponseCodec.decode(W3CHttpResponseCodec.java:122)
at org.openqa.selenium.remote.http.W3CHttpResponseCodec.decode(W3CHttpResponseCodec.java:49)
at org.openqa.selenium.remote.HttpCommandExecutor.execute(HttpCommandExecutor.java:158)
at io.appium.java_client.remote.AppiumCommandExecutor.execute(AppiumCommandExecutor.java:239)
at org.openqa.selenium.remote.RemoteWebDriver.execute(RemoteWebDriver.java:552)
at io.appium.java_client.DefaultGenericMobileDriver.execute(DefaultGenericMobileDriver.java:41)
at io.appium.java_client.AppiumDriver.execute(AppiumDriver.java:1)
at io.appium.java_client.android.AndroidDriver.execute(AndroidDriver.java:1)
at org.openqa.selenium.remote.RemoteWebElement.execute(RemoteWebElement.java:285)
at io.appium.java_client.DefaultGenericMobileElement.execute(DefaultGenericMobileElement.java:45)
at io.appium.java_client.MobileElement.execute(MobileElement.java:1)
at io.appium.java_client.android.AndroidElement.execute(AndroidElement.java:1)
at org.openqa.selenium.remote.RemoteWebElement.click(RemoteWebElement.java:84)
at pages.android.BasePage.clickElement(BasePage.java:90)
at pages.android.Deactivate.DeactivateUser(Deactivate.java:19)
at pages.android.BaseTest.DeactivateAccount(BaseTest.java:34)
at pages.android.MerchantPayment.Deactivation(MerchantPayment.java:68)
at java.base/jdk.internal.reflect.NativeMethodAccessorImpl.invoke0(Native Method)
at java.base/jdk.internal.reflect.NativeMethodAccessorImpl.invoke(NativeMethodAccessorImpl.java:62)
at java.base/jdk.internal.reflect.DelegatingMethodAccessorImpl.invoke(DelegatingMethodAccessorImpl.java:43)
at java.base/java.lang.reflect.Method.invoke(Method.java:566)
at org.testng.internal.MethodInvocationHelper.invokeMethod(MethodInvocationHelper.java:134)
at org.testng.internal.TestInvoker.invokeMethod(TestInvoker.java:597)
at org.testng.internal.TestInvoker.invokeTestMethod(TestInvoker.java:173)
at org.testng.internal.MethodRunner.runInSequence(MethodRunner.java:46)
at org.testng.internal.TestInvoker$MethodInvocationAgent.invoke(TestInvoker.java:816)
at org.testng.internal.TestInvoker.invokeTestMethods(TestInvoker.java:146)
at org.testng.internal.TestMethodWorker.invokeTestMethods(TestMethodWorker.java:146)
at org.testng.internal.TestMethodWorker.run(TestMethodWorker.java:128)
at java.base/java.util.ArrayList.forEach(ArrayList.java:1541)
at org.testng.TestRunner.privateRun(TestRunner.java:766)
at org.testng.TestRunner.run(TestRunner.java:587)
at org.testng.SuiteRunner.runTest(SuiteRunner.java:384)
at org.testng.SuiteRunner.runSequentially(SuiteRunner.java:378)
at org.testng.SuiteRunner.privateRun(SuiteRunner.java:337)
at org.testng.SuiteRunner.run(SuiteRunner.java:286)
at org.testng.SuiteRunnerWorker.runSuite(SuiteRunnerWorker.java:53)
at org.testng.SuiteRunnerWorker.run(SuiteRunnerWorker.java:96)
at org.testng.TestNG.runSuitesSequentially(TestNG.java:1187)
at org.testng.TestNG.runSuitesLocally(TestNG.java:1109)
at org.testng.TestNG.runSuites(TestNG.java:1039)
at org.testng.TestNG.run(TestNG.java:1007)
at org.apache.maven.surefire.testng.TestNGExecutor.run(TestNGExecutor.java:283)
at org.apache.maven.surefire.testng.TestNGXmlTestSuite.execute(TestNGXmlTestSuite.java:75)
at org.apache.maven.surefire.testng.TestNGProvider.invoke(TestNGProvider.java:120)
at org.apache.maven.surefire.booter.ForkedBooter.invokeProviderInSameClassLoader(ForkedBooter.java:386)
at org.apache.maven.surefire.booter.ForkedBooter.runSuitesInProcess(ForkedBooter.java:323)
at org.apache.maven.surefire.booter.ForkedBooter.main(ForkedBooter.java:143)
]]>
            </full-stacktrace>
          </exception> <!-- org.openqa.selenium.WebDriverException -->
          <reporter-output>
          </reporter-output>
        </test-method> <!-- Deactivation -->
      </class> <!-- pages.android.MerchantPayment -->
      <class name="pages.android.SendMoney">
        <test-method signature="EnterPhoneNumberManually()[pri:1, instance:pages.android.SendMoney@50caa560]" started-at="2021-02-24T15:32:22 EET" name="EnterPhoneNumberManually" finished-at="2021-02-24T15:32:30 EET" duration-ms="8053" status="PASS">
          <reporter-output>
          </reporter-output>
        </test-method> <!-- EnterPhoneNumberManually -->
        <test-method signature="EnterAmount()[pri:2, instance:pages.android.SendMoney@50caa560]" started-at="2021-02-24T15:32:30 EET" name="EnterAmount" finished-at="2021-02-24T15:32:56 EET" duration-ms="26811" status="PASS">
          <reporter-output>
          </reporter-output>
        </test-method> <!-- EnterAmount -->
        <test-method signature="PickPhoneNumber()[pri:3, instance:pages.android.SendMoney@50caa560]" started-at="2021-02-24T15:32:56 EET" name="PickPhoneNumber" finished-at="2021-02-24T15:33:04 EET" duration-ms="7670" status="PASS">
          <reporter-output>
          </reporter-output>
        </test-method> <!-- PickPhoneNumber -->
        <test-method signature="EnterAmount2()[pri:4, instance:pages.android.SendMoney@50caa560]" started-at="2021-02-24T15:33:04 EET" name="EnterAmount2" finished-at="2021-02-24T15:33:37 EET" duration-ms="32540" status="PASS">
          <reporter-output>
          </reporter-output>
        </test-method> <!-- EnterAmount2 -->
      </class> <!-- pages.android.SendMoney -->
      <class name="pages.android.AddMoney">
        <test-method signature="EnterCardDetails()[pri:1, instance:pages.android.AddMoney@568ff82]" started-at="2021-02-24T15:30:51 EET" name="EnterCardDetails" finished-at="2021-02-24T15:31:20 EET" duration-ms="29123" status="PASS">
          <reporter-output>
          </reporter-output>
        </test-method> <!-- EnterCardDetails -->
        <test-method signature="EnterAmount()[pri:2, instance:pages.android.AddMoney@568ff82]" started-at="2021-02-24T15:31:20 EET" name="EnterAmount" finished-at="2021-02-24T15:31:23 EET" duration-ms="3049" status="PASS">
          <reporter-output>
          </reporter-output>
        </test-method> <!-- EnterAmount -->
        <test-method signature="AddingMoney()[pri:3, instance:pages.android.AddMoney@568ff82]" started-at="2021-02-24T15:31:23 EET" name="AddingMoney" finished-at="2021-02-24T15:31:40 EET" duration-ms="17040" status="PASS">
          <reporter-output>
          </reporter-output>
        </test-method> <!-- AddingMoney -->
        <test-method signature="EnterCardDetails2()[pri:4, instance:pages.android.AddMoney@568ff82]" started-at="2021-02-24T15:31:40 EET" name="EnterCardDetails2" finished-at="2021-02-24T15:32:06 EET" duration-ms="25870" status="PASS">
          <reporter-output>
          </reporter-output>
        </test-method> <!-- EnterCardDetails2 -->
        <test-method signature="EnterAmount2()[pri:5, instance:pages.android.AddMoney@568ff82]" started-at="2021-02-24T15:32:06 EET" name="EnterAmount2" finished-at="2021-02-24T15:32:07 EET" duration-ms="1480" status="PASS">
          <reporter-output>
          </reporter-output>
        </test-method> <!-- EnterAmount2 -->
        <test-method signature="AddingMoney2()[pri:6, instance:pages.android.AddMoney@568ff82]" started-at="2021-02-24T15:32:07 EET" name="AddingMoney2" finished-at="2021-02-24T15:32:22 EET" duration-ms="14298" status="PASS">
          <reporter-output>
          </reporter-output>
        </test-method> <!-- AddingMoney2 -->
      </class> <!-- pages.android.AddMoney -->
    </test> <!-- Get Started -->
  </suite> <!-- Suite-Listeners -->
</testng-results>
