<?xml version="1.0" encoding="UTF-8"?>
<testsuite xmlns:xsi="http://www.w3.org/2001/XMLSchema-instance" xsi:noNamespaceSchemaLocation="https://maven.apache.org/surefire/maven-surefire-plugin/xsd/surefire-test-report.xsd" name="TestSuite" time="370.064" tests="20" errors="0" skipped="0" failures="1">
  <properties>
[...]
</properties>
  <testcase name="RegisterNewUser" classname="pages.android.TellerVerification" time="10.021"/>
  <testcase name="LogoutUser" classname="pages.android.TellerVerification" time="14.001"/>
  <testcase name="VerifyCustomer" classname="pages.android.TellerVerification" time="59.761"/>
  <testcase name="TellerTopup" classname="pages.android.TellerTopUpCashOut" time="25.15"/>
  <testcase name="Tellercashout" classname="pages.android.TellerTopUpCashOut" time="24.149"/>
  <testcase name="EnterCardDetails" classname="pages.android.AddMoney" time="29.123"/>
  <testcase name="EnterAmount" classname="pages.android.AddMoney" time="3.049"/>
  <testcase name="AddingMoney" classname="pages.android.AddMoney" time="17.04"/>
  <testcase name="EnterCardDetails2" classname="pages.android.AddMoney" time="25.871"/>
  <testcase name="EnterAmount2" classname="pages.android.AddMoney" time="1.48"/>
  <testcase name="AddingMoney2" classname="pages.android.AddMoney" time="14.297"/>
  <testcase name="EnterPhoneNumberManually" classname="pages.android.SendMoney" time="8.054"/>
  <testcase name="EnterAmount" classname="pages.android.SendMoney" time="26.811"/>
  <testcase name="PickPhoneNumber" classname="pages.android.SendMoney" time="7.669"/>
  <testcase name="EnterAmount2" classname="pages.android.SendMoney" time="32.54"/>
  <testcase name="ScanQR" classname="pages.android.MerchantPayment" time="4.139"/>
  <testcase name="MerchantPayment" classname="pages.android.MerchantPayment" time="22.155"/>
  <testcase name="ChangePINcode" classname="pages.android.MerchantPayment" time="12.903"/>
  <testcase name="ChangeMobileNumber" classname="pages.android.MerchantPayment" time="11.843"/>
  <testcase name="Deactivation" classname="pages.android.MerchantPayment" time="2.642">
    <failure message="An unknown server-side error occurred while processing the command. Original error: Could not proxy command to the remote server. Original error: socket hang up&#10;Build info: version: &apos;3.141.59&apos;, revision: &apos;e82be7d358&apos;, time: &apos;2018-11-14T08:17:03&apos;&#10;System info: host: &apos;DESKTOP-GJB5IH4&apos;, ip: &apos;192.168.1.77&apos;, os.name: &apos;Windows 10&apos;, os.arch: &apos;amd64&apos;, os.version: &apos;10.0&apos;, java.version: &apos;11.0.10&apos;&#10;Driver info: io.appium.java_client.android.AndroidDriver&#10;Capabilities {app: C:\Users\Work\Desktop\DLDP1..., appPackage: mobi.foo.ldpwallet, appWaitActivity: *, autoGrantPermissions: true, databaseEnabled: false, desired: {app: C:\Users\Work\Desktop\DLDP1..., appPackage: mobi.foo.ldpwallet, appWaitActivity: *, autoGrantPermissions: true, deviceName: emulator-5554, newCommandTimeout: 6200, platformName: android, resetKeyboard: true, unicodeKeyboard: true}, deviceApiLevel: 30, deviceManufacturer: Google, deviceModel: sdk_gphone_x86_arm, deviceName: emulator-5554, deviceScreenDensity: 560, deviceScreenSize: 1440x2560, deviceUDID: emulator-5554, javascriptEnabled: true, locationContextEnabled: false, networkConnectionEnabled: true, newCommandTimeout: 6200, pixelRatio: 3.5, platform: LINUX, platformName: android, platformVersion: 11, resetKeyboard: true, statBarHeight: 84, takesScreenshot: true, unicodeKeyboard: true, viewportRect: {height: 2308, left: 0, top: 84, width: 1440}, warnings: {}, webStorageEnabled: false}&#10;Session ID: dbada9d1-090d-47e4-abf8-1824d276f38c" type="org.openqa.selenium.WebDriverException">org.openqa.selenium.WebDriverException: 
An unknown server-side error occurred while processing the command. Original error: Could not proxy command to the remote server. Original error: socket hang up
Build info: version: '3.141.59', revision: 'e82be7d358', time: '2018-11-14T08:17:03'
System info: host: 'DESKTOP-GJB5IH4', ip: '192.168.1.77', os.name: 'Windows 10', os.arch: 'amd64', os.version: '10.0', java.version: '11.0.10'
Driver info: io.appium.java_client.android.AndroidDriver
Capabilities {app: C:\Users\Work\Desktop\DLDP1..., appPackage: mobi.foo.ldpwallet, appWaitActivity: *, autoGrantPermissions: true, databaseEnabled: false, desired: {app: C:\Users\Work\Desktop\DLDP1..., appPackage: mobi.foo.ldpwallet, appWaitActivity: *, autoGrantPermissions: true, deviceName: emulator-5554, newCommandTimeout: 6200, platformName: android, resetKeyboard: true, unicodeKeyboard: true}, deviceApiLevel: 30, deviceManufacturer: Google, deviceModel: sdk_gphone_x86_arm, deviceName: emulator-5554, deviceScreenDensity: 560, deviceScreenSize: 1440x2560, deviceUDID: emulator-5554, javascriptEnabled: true, locationContextEnabled: false, networkConnectionEnabled: true, newCommandTimeout: 6200, pixelRatio: 3.5, platform: LINUX, platformName: android, platformVersion: 11, resetKeyboard: true, statBarHeight: 84, takesScreenshot: true, unicodeKeyboard: true, viewportRect: {height: 2308, left: 0, top: 84, width: 1440}, warnings: {}, webStorageEnabled: false}
Session ID: dbada9d1-090d-47e4-abf8-1824d276f38c
	at pages.android.MerchantPayment.Deactivation(MerchantPayment.java:68)
</failure>
  </testcase>
</testsuite>