<?xml version="1.0" encoding="UTF-8"?>
<!-- Generated by org.testng.reporters.JUnitXMLReporter -->
<testsuite ignored="0" hostname="Rami" failures="0" tests="7" name="Get Started" time="44.866" errors="0" timestamp="2023-04-28T00:21:18 TRT">
  <testcase classname="pages.register.CreateWallet" name="registerNewUser" time="3.292"/>
  <testcase classname="pages.register.CreateWallet" name="legalConsent" time="2.768"/>
  <testcase classname="pages.register.CreateWallet" name="createPasscode" time="3.23"/>
  <testcase classname="pages.register.CreateWallet" name="setWrongPasscode" time="3.479"/>
  <testcase classname="pages.register.CreateWallet" name="confirmPasscode" time="5.491"/>
  <testcase classname="pages.register.WalletBackUp" name="backUpConsent" time="3.794"/>
  <testcase classname="pages.register.WalletBackUp" name="saveBackUpPhrase" time="12.957"/>
</testsuite> <!-- Get Started -->
